C:\Program Files (x86)\Microsoft Visual Studio\2019\Community\MSBuild\Microsoft\VC\v160\Microsoft.CppBuild.targets(452,5): warning MSB8028: The intermediate directory (Debug\) contains files shared from another project (lab terrain.vcxproj).  This can lead to incorrect clean and rebuild behavior.
  main.cpp
C:\Dev\IntroToGraphics\QuarterProject\src\main.cpp(46,1): warning C4305: '=': truncation from 'double' to 'float'
C:\Dev\IntroToGraphics\QuarterProject\src\main.cpp(47,1): warning C4305: '=': truncation from 'double' to 'float'
C:\Dev\IntroToGraphics\QuarterProject\src\main.cpp(61,18): warning C4244: '=': conversion from 'double' to 'float', possible loss of data
C:\Dev\IntroToGraphics\QuarterProject\src\main.cpp(63,17): warning C4244: '=': conversion from 'double' to 'float', possible loss of data
C:\Dev\IntroToGraphics\QuarterProject\src\main.cpp(67,1): warning C4244: '+=': conversion from 'double' to 'float', possible loss of data
C:\Dev\IntroToGraphics\QuarterProject\src\main.cpp(69,1): warning C4244: '+=': conversion from 'double' to 'float', possible loss of data
C:\Dev\IntroToGraphics\QuarterProject\src\main.cpp(72,1): warning C4244: '+=': conversion from 'double' to 'float', possible loss of data
C:\Dev\IntroToGraphics\QuarterProject\src\main.cpp(74,1): warning C4244: '+=': conversion from 'double' to 'float', possible loss of data
C:\Dev\IntroToGraphics\QuarterProject\src\main.cpp(77,1): warning C4244: '+=': conversion from 'double' to 'float', possible loss of data
C:\Dev\IntroToGraphics\QuarterProject\src\main.cpp(79,1): warning C4244: '+=': conversion from 'double' to 'float', possible loss of data
C:\Dev\IntroToGraphics\QuarterProject\src\main.cpp(83,1): warning C4244: '+=': conversion from 'double' to 'float', possible loss of data
C:\Dev\IntroToGraphics\QuarterProject\src\main.cpp(85,1): warning C4244: '+=': conversion from 'double' to 'float', possible loss of data
C:\Dev\IntroToGraphics\QuarterProject\src\main.cpp(381,1): warning C4244: '+=': conversion from 'double' to 'float', possible loss of data
C:\Dev\IntroToGraphics\QuarterProject\src\main.cpp(384,1): warning C4305: 'initializing': truncation from 'double' to 'float'
glfw3.lib(context.obj) : warning LNK4099: PDB 'glfw.pdb' was not found with 'glfw3.lib(context.obj)' or at 'C:\Dev\IntroToGraphics\QuarterProject\Debug\glfw.pdb'; linking object as if no debug info
glfw3.lib(init.obj) : warning LNK4099: PDB 'glfw.pdb' was not found with 'glfw3.lib(init.obj)' or at 'C:\Dev\IntroToGraphics\QuarterProject\Debug\glfw.pdb'; linking object as if no debug info
glfw3.lib(input.obj) : warning LNK4099: PDB 'glfw.pdb' was not found with 'glfw3.lib(input.obj)' or at 'C:\Dev\IntroToGraphics\QuarterProject\Debug\glfw.pdb'; linking object as if no debug info
glfw3.lib(monitor.obj) : warning LNK4099: PDB 'glfw.pdb' was not found with 'glfw3.lib(monitor.obj)' or at 'C:\Dev\IntroToGraphics\QuarterProject\Debug\glfw.pdb'; linking object as if no debug info
glfw3.lib(vulkan.obj) : warning LNK4099: PDB 'glfw.pdb' was not found with 'glfw3.lib(vulkan.obj)' or at 'C:\Dev\IntroToGraphics\QuarterProject\Debug\glfw.pdb'; linking object as if no debug info
glfw3.lib(window.obj) : warning LNK4099: PDB 'glfw.pdb' was not found with 'glfw3.lib(window.obj)' or at 'C:\Dev\IntroToGraphics\QuarterProject\Debug\glfw.pdb'; linking object as if no debug info
glfw3.lib(win32_init.obj) : warning LNK4099: PDB 'glfw.pdb' was not found with 'glfw3.lib(win32_init.obj)' or at 'C:\Dev\IntroToGraphics\QuarterProject\Debug\glfw.pdb'; linking object as if no debug info
glfw3.lib(win32_joystick.obj) : warning LNK4099: PDB 'glfw.pdb' was not found with 'glfw3.lib(win32_joystick.obj)' or at 'C:\Dev\IntroToGraphics\QuarterProject\Debug\glfw.pdb'; linking object as if no debug info
glfw3.lib(win32_monitor.obj) : warning LNK4099: PDB 'glfw.pdb' was not found with 'glfw3.lib(win32_monitor.obj)' or at 'C:\Dev\IntroToGraphics\QuarterProject\Debug\glfw.pdb'; linking object as if no debug info
glfw3.lib(win32_time.obj) : warning LNK4099: PDB 'glfw.pdb' was not found with 'glfw3.lib(win32_time.obj)' or at 'C:\Dev\IntroToGraphics\QuarterProject\Debug\glfw.pdb'; linking object as if no debug info
glfw3.lib(win32_tls.obj) : warning LNK4099: PDB 'glfw.pdb' was not found with 'glfw3.lib(win32_tls.obj)' or at 'C:\Dev\IntroToGraphics\QuarterProject\Debug\glfw.pdb'; linking object as if no debug info
glfw3.lib(win32_window.obj) : warning LNK4099: PDB 'glfw.pdb' was not found with 'glfw3.lib(win32_window.obj)' or at 'C:\Dev\IntroToGraphics\QuarterProject\Debug\glfw.pdb'; linking object as if no debug info
glfw3.lib(wgl_context.obj) : warning LNK4099: PDB 'glfw.pdb' was not found with 'glfw3.lib(wgl_context.obj)' or at 'C:\Dev\IntroToGraphics\QuarterProject\Debug\glfw.pdb'; linking object as if no debug info
glfw3.lib(egl_context.obj) : warning LNK4099: PDB 'glfw.pdb' was not found with 'glfw3.lib(egl_context.obj)' or at 'C:\Dev\IntroToGraphics\QuarterProject\Debug\glfw.pdb'; linking object as if no debug info
  lab terrain.vcxproj -> C:\Dev\IntroToGraphics\QuarterProject\Debug\QuarterProject.exe
